{"message":"Inside App.js ","level":"debug"}
{"message":"Inside App.js ","level":"debug"}
{"message":"Inside App.js After authRoutes","level":"debug"}
{"message":"inside derializeUser function","level":"debug"}
{"message":"inside derializeUser function","level":"debug"}
{"message":"inside callback function","level":"debug"}
{"message":"inside serializeUser function","level":"debug"}
{"message":"inside /auth/google callback","level":"debug"}
{"message":"**************BUG: inside io.sockets.on *********************","level":"debug"}
{"message":"**************BUG: inside io.sockets.on *********************","level":"debug"}
{"message":"Inside App.js ","level":"debug"}
{"message":"Inside App.js After authRoutes","level":"debug"}
{"message":"Inside App.js ","level":"debug"}
{"message":"Inside App.js After authRoutes","level":"debug"}
{"message":"Inside App.js ","level":"debug"}
{"message":"Inside App.js After authRoutes","level":"debug"}
{"message":"Inside App.js ","level":"debug"}
{"message":"Inside App.js After authRoutes","level":"debug"}
{"message":"Inside App.js ","level":"debug"}
{"message":"Inside App.js After authRoutes","level":"debug"}
{"message":"**************BUG: inside io.sockets.on *********************","level":"debug"}
{"message":"**************BUG: inside io.sockets.on *********************","level":"debug"}
{"message":"**************BUG: inside io.sockets.on *********************","level":"debug"}
{"message":"**************BUG: inside io.sockets.on *********************","level":"debug"}
{"message":"Inside App.js ","level":"debug"}
{"message":"Inside App.js After authRoutes","level":"debug"}
{"message":"inside derializeUser function","level":"debug"}
{"message":"inside derializeUser function","level":"debug"}
{"message":"inside callback function","level":"debug"}
{"message":"inside serializeUser function","level":"debug"}
{"message":"inside /auth/google callback","level":"debug"}
{"message":"**************BUG: inside io.sockets.on *********************","level":"debug"}
{"message":"**************BUG: inside io.sockets.on *********************","level":"debug"}
{"message":"inside derializeUser function","level":"debug"}
{"message":"inside derializeUser function","level":"debug"}
{"message":"inside callback function","level":"debug"}
{"message":"inside serializeUser function","level":"debug"}
{"message":"inside /auth/google callback","level":"debug"}
{"message":"**************BUG: inside io.sockets.on *********************","level":"debug"}
{"message":"**************BUG: inside io.sockets.on *********************","level":"debug"}
{"message":"inside derializeUser function","level":"debug"}
{"message":"inside derializeUser function","level":"debug"}
{"message":"inside callback function","level":"debug"}
{"message":"inside serializeUser function","level":"debug"}
{"message":"inside /auth/google callback","level":"debug"}
{"message":"**************BUG: inside io.sockets.on *********************","level":"debug"}
{"message":"**************BUG: inside io.sockets.on *********************","level":"debug"}
